<?xml version="1.0" encoding="UTF-8"?>
<!-- Generated by org.testng.reporters.JUnitReportReporter -->
<testsuite hostname="Sharons-MBP.lan" failures="0" tests="3" name="api.tests.UserTests" time="4.159" errors="0" timestamp="2025-01-28T02:40:39 EST" skipped="0">
  <testcase classname="api.tests.UserTests" name="testPostUser" time="3.065"/>
  <testcase classname="api.tests.UserTests" name="testGetUserByName" time="0.331"/>
  <testcase classname="api.tests.UserTests" name="testUpdateUserByName" time="0.763"/>
</testsuite> <!-- api.tests.UserTests -->
