<?xml version="1.0" encoding="UTF-8"?>
<!-- Generated by org.testng.reporters.JUnitReportReporter -->
<testsuite hostname="Sharons-MBP.lan" failures="0" tests="6" name="api.tests.UserDataDrivenTest" time="3.684" errors="0" timestamp="2025-01-28T20:33:58 EST" skipped="0">
  <testcase classname="api.tests.UserDataDrivenTest" name="testPostUser" time="2.462"/>
  <testcase classname="api.tests.UserDataDrivenTest" name="testPostUser" time="0.280"/>
  <testcase classname="api.tests.UserDataDrivenTest" name="testPostUser" time="0.220"/>
  <testcase classname="api.tests.UserDataDrivenTest" name="testDeleteUserByName" time="0.285"/>
  <testcase classname="api.tests.UserDataDrivenTest" name="testDeleteUserByName" time="0.226"/>
  <testcase classname="api.tests.UserDataDrivenTest" name="testDeleteUserByName" time="0.211"/>
</testsuite> <!-- api.tests.UserDataDrivenTest -->
