<?xml version="1.0" encoding="UTF-8"?>
<!-- Generated by org.testng.reporters.JUnitReportReporter -->
<testsuite hostname="Sharons-MBP.lan" failures="0" tests="4" name="api.tests.UserTests" time="1.271" errors="0" timestamp="2025-01-28T21:21:55 EST" skipped="0">
  <testcase classname="api.tests.UserTests" name="testPostUser" time="0.321"/>
  <testcase classname="api.tests.UserTests" name="testGetUserByName" time="0.253"/>
  <testcase classname="api.tests.UserTests" name="testUpdateUserByName" time="0.439"/>
  <testcase classname="api.tests.UserTests" name="testDeleteUserByName" time="0.258"/>
</testsuite> <!-- api.tests.UserTests -->
