<?xml version="1.0" encoding="UTF-8"?>
<!-- Generated by org.testng.reporters.JUnitReportReporter -->
<testsuite hostname="Sharons-MBP.lan" failures="0" tests="6" name="api.tests.UserDataDrivenTest" time="2.476" errors="0" timestamp="2025-01-28T21:21:55 EST" skipped="0">
  <testcase classname="api.tests.UserDataDrivenTest" name="testPostUser" time="0.277"/>
  <testcase classname="api.tests.UserDataDrivenTest" name="testPostUser" time="0.209"/>
  <testcase classname="api.tests.UserDataDrivenTest" name="testPostUser" time="1.171"/>
  <testcase classname="api.tests.UserDataDrivenTest" name="testDeleteUserByName" time="0.332"/>
  <testcase classname="api.tests.UserDataDrivenTest" name="testDeleteUserByName" time="0.276"/>
  <testcase classname="api.tests.UserDataDrivenTest" name="testDeleteUserByName" time="0.211"/>
</testsuite> <!-- api.tests.UserDataDrivenTest -->
